        -:    0:Source:C:/Users/reisd/OneDrive/Ambiente de Trabalho/ISEC/2�ano/iaa/tp2/colinas/algoritmo.c
        -:    0:Graph:C:\Users\reisd\OneDrive\Ambiente de Trabalho\ISEC\2�ano\iaa\tp2\colinas\cmake-build-debug-coverage\CMakeFiles\t2.dir\algoritmo.c.gcno
        -:    0:Data:C:\Users\reisd\OneDrive\Ambiente de Trabalho\ISEC\2�ano\iaa\tp2\colinas\cmake-build-debug-coverage\CMakeFiles\t2.dir\algoritmo.c.gcda
        -:    0:Runs:1
        -:    0:Programs:1
        -:    1://
        -:    2:// Created by reisd on 11/12/2023.
        -:    3://
        -:    4:#include <stdio.h>
        -:    5:#include <stdlib.h>
        -:    6:#include "funcao.h"
        -:    7:#include "utils.h"
        -:    8:#include "algoritmo.h"
        -:    9:
        -:   10:
function gera_vizinho called 0 returned 0% blocks executed 0%
    #####:   11:void gera_vizinho(int a[], int b[], int n)
        -:   12:{
        -:   13:    int i, p1, p2;
        -:   14:
    #####:   15:    for(i=0; i<n; i++)
    %%%%%:   15-block  0
    %%%%%:   15-block  1
branch  0 never executed
branch  1 never executed
    #####:   16:        b[i]=a[i];
    %%%%%:   16-block  0
        -:   17:
        -:   18:        // Encontra posicao com valor 0
        -:   19:        do
    #####:   20:            p1 = random_l_h(0, n - 1);
    %%%%%:   20-block  0
call    0 never executed
    #####:   21:        while (b[p1] != 0);
branch  0 never executed
branch  1 never executed
        -:   22:        // Encontra posicao com valor 0
        -:   23:        do
    #####:   24:            p2 = random_l_h(0, n - 1);
    %%%%%:   24-block  0
call    0 never executed
    #####:   25:        while (b[p2] != 1);
branch  0 never executed
branch  1 never executed
        -:   26:        // Troca
    #####:   27:        b[p1] = 1;
    #####:   28:        b[p2] = 0;
    #####:   29:    }
function torneioSelecao called 0 returned 0% blocks executed 0%
    #####:   30:void torneioSelecao(pchrom pop, struct info *d, pchrom pais){
        -:   31:    int a,b;
        -:   32:
        -:   33:
    #####:   34:    for(int i = 0; i < d->popsize;i++){
    %%%%%:   34-block  0
    %%%%%:   34-block  1
    %%%%%:   34-block  2
branch  0 never executed
branch  1 never executed
        -:   35:
        -:   36:        //gero um indice aleatorio
    #####:   37:        a = random_l_h(0,(d->popsize-1));
    %%%%%:   37-block  0
call    0 never executed
        -:   38:
        -:   39:        // gero outro indice aleatorio ate ambos serem diferentes
        -:   40:        do
    #####:   41:            b = random_l_h(0,(d->popsize-1));
    %%%%%:   41-block  0
call    0 never executed
    #####:   42:        while(a == b);
branch  0 never executed
branch  1 never executed
        -:   43:
    #####:   44:        if(pop[a].fitness < pop[b].fitness)
    %%%%%:   44-block  0
branch  0 never executed
branch  1 never executed
    #####:   45:            pais[i] = pop[a];
    %%%%%:   45-block  0
        -:   46:        else
    #####:   47:            pais[i] = pop[b];
    %%%%%:   47-block  0
        -:   48:    }
    #####:   49:}
        -:   50:
function selecaoProporcional called 0 returned 0% blocks executed 0%
    #####:   51:void selecaoProporcional(pchrom pop, struct info *d, pchrom pais) {
    #####:   52:    int fitness_total = 0;
    #####:   53:    double *probabilidades = malloc(sizeof(double ) * d->popsize);
        -:   54:
        -:   55:    // Calcula o fitness total da população
    #####:   56:    for (int i = 0; i < d->popsize; i++) {
    %%%%%:   56-block  0
    %%%%%:   56-block  1
branch  0 never executed
branch  1 never executed
    #####:   57:        fitness_total += pop[i].fitness;
    %%%%%:   57-block  0
        -:   58:    }
        -:   59:
        -:   60:    // Calcula as probabilidades de seleção para cada indivíduo
    #####:   61:    for (int i = 0; i < d->popsize; i++) {
    %%%%%:   61-block  0
    %%%%%:   61-block  1
branch  0 never executed
branch  1 never executed
    #####:   62:        probabilidades[i] = (double)pop[i].fitness / fitness_total;
    %%%%%:   62-block  0
        -:   63:    }
        -:   64:
        -:   65:    // Realiza a seleção proporcional
    #####:   66:    for (int i = 0; i < d->popsize; i++) {
    %%%%%:   66-block  0
    %%%%%:   66-block  1
branch  0 never executed
branch  1 never executed
    #####:   67:        double r = rand_01(); // Gera um número aleatório entre 0 e 1
    %%%%%:   67-block  0
call    0 never executed
    #####:   68:        double somaprobabilidades = 0;
    #####:   69:        int j = 0;
        -:   70:
        -:   71:        // Encontra o indivíduo correspondente à probabilidade gerada aleatoriamente
    #####:   72:        while (somaprobabilidades < r && j < d->popsize) {
    %%%%%:   72-block  0
branch  0 never executed
branch  1 never executed
    %%%%%:   72-block  1
branch  2 never executed
branch  3 never executed
    #####:   73:            somaprobabilidades += probabilidades[j];
    #####:   74:            j++;
    %%%%%:   74-block  0
        -:   75:        }
        -:   76:
        -:   77:        // Salva o indivíduo selecionado na lista de pais
    #####:   78:        pais[i] = pop[j - 1]; // Decrementa j para ajustar ao índice do vetor
    %%%%%:   78-block  0
        -:   79:    }
        -:   80:
    #####:   81:    free(probabilidades);
    #####:   82:}
        -:   83:
function recombinacao called 0 returned 0% blocks executed 0%
    #####:   84:void recombinacao(pchrom pais, struct info *d, pchrom filhos){
        -:   85:
        -:   86:    //ponto de corte aleatorio
        -:   87:    int ponto,j;
        -:   88:
    #####:   89:    for(int i = 0; i < d->popsize; i+=2){
    %%%%%:   89-block  0
    %%%%%:   89-block  1
    %%%%%:   89-block  2
branch  0 never executed
branch  1 never executed
        -:   90:
        -:   91:        // vai haver ponto de corte
    #####:   92:        if(rand_01() < d->pr){
    %%%%%:   92-block  0
call    0 never executed
branch  1 never executed
branch  2 never executed
    #####:   93:            ponto = random_l_h(0, d->v);
    %%%%%:   93-block  0
call    0 never executed
    #####:   94:            for(j = 0; j < ponto; j++){
    %%%%%:   94-block  0
branch  0 never executed
branch  1 never executed
        -:   95:                // passamos ao mesmo tempo os numeros ate ao ponto de corte
    #####:   96:                filhos[i].p[j] = pais[i].p[j];
    #####:   97:                filhos[i+1].p[j] = pais[i+1].p[j];
    %%%%%:   97-block  0
        -:   98:            }
        -:   99:            // preenchemos o primeiro filho
    #####:  100:            if(j == ponto){
    %%%%%:  100-block  0
branch  0 never executed
branch  1 never executed
    #####:  101:                for(int x = j; x < d->v; x++)
    %%%%%:  101-block  0
    %%%%%:  101-block  1
branch  0 never executed
branch  1 never executed
    #####:  102:                    filhos[i].p[x] = pais[i+1].p[x];
    %%%%%:  102-block  0
        -:  103:            }
        -:  104:            // preenchemos o segundo filho
    #####:  105:            j = ponto;
    #####:  106:            for(int x = j; x < d->v; x++)
    %%%%%:  106-block  0
    %%%%%:  106-block  1
branch  0 never executed
branch  1 never executed
    #####:  107:                filhos[i+1].p[x] = pais[i].p[x];
    %%%%%:  107-block  0
        -:  108:        }
        -:  109:
        -:  110:        else{
        -:  111:            // faz uma copia exata porque nao houve a pr
    #####:  112:            filhos[i] = pais[i];
    #####:  113:            filhos[i+1] = pais[i+1];
    %%%%%:  113-block  0
        -:  114:        }
        -:  115:    }
    #####:  116:}
        -:  117:
        -:  118:
        -:  119:
function mutacao called 0 returned 0% blocks executed 0%
    #####:  120:void mutacao(pchrom filhos, struct info *d){
        -:  121:    int num;
        -:  122:
    #####:  123:    for(int i = 0; i < d->popsize; i++){
    %%%%%:  123-block  0
    %%%%%:  123-block  1
    %%%%%:  123-block  2
branch  0 never executed
branch  1 never executed
    #####:  124:        for(int j = 0; j < d->v; j++){
    %%%%%:  124-block  0
    %%%%%:  124-block  1
    %%%%%:  124-block  2
branch  0 never executed
branch  1 never executed
    #####:  125:            if(rand_01() < d->pm){
    %%%%%:  125-block  0
call    0 never executed
branch  1 never executed
branch  2 never executed
        -:  126:
        -:  127:                // encontramos um nr aleatorio != do nr atual
        -:  128:                do{
    #####:  129:                    num = random_l_h(0,(d->v));
    %%%%%:  129-block  0
call    0 never executed
    #####:  130:                }while(num == filhos[i].p[j]);
branch  0 never executed
branch  1 never executed
        -:  131:
        -:  132:                // alteramos o nr atual pelo num
    #####:  133:                filhos[i].p[j] = num;
    %%%%%:  133-block  0
        -:  134:            }
        -:  135:        }
        -:  136:    }
    #####:  137:}
        -:  138:
function recombinaUniforme called 0 returned 0% blocks executed 0%
    #####:  139:void recombinaUniforme(pchrom pais, struct info *d, pchrom filhos) {
    #####:  140:    for (int i = 0; i < d->popsize; i += 2) {
    %%%%%:  140-block  0
    %%%%%:  140-block  1
    %%%%%:  140-block  2
branch  0 never executed
branch  1 never executed
    #####:  141:        for (int j = 0; j < d->v; j++) {
    %%%%%:  141-block  0
    %%%%%:  141-block  1
    %%%%%:  141-block  2
branch  0 never executed
branch  1 never executed
        -:  142:            // Gera um número aleatório entre 0 e 1 para decidir a fonte do gene
    #####:  143:            float prob = rand_01();
    %%%%%:  143-block  0
call    0 never executed
        -:  144:
        -:  145:            // Se prob for menor que 0.5, utiliza o gene do primeiro pai
        -:  146:            // Caso contrário, utiliza o gene do segundo pai
    #####:  147:            if (prob < 0.5) {
branch  0 never executed
branch  1 never executed
    #####:  148:                filhos[i].p[j] = pais[i].p[j];
    #####:  149:                filhos[i + 1].p[j] = pais[i + 1].p[j];
    %%%%%:  149-block  0
        -:  150:            } else {
    #####:  151:                filhos[i].p[j] = pais[i + 1].p[j];
    #####:  152:                filhos[i + 1].p[j] = pais[i].p[j];
    %%%%%:  152-block  0
        -:  153:            }
        -:  154:        }
        -:  155:    }
        -:  156:
    #####:  157:}
        -:  158:
function inversaoMutacao called 0 returned 0% blocks executed 0%
    #####:  159:void inversaoMutacao(pchrom filhos, struct info *d) {
        -:  160:    int ponto1, ponto2;
        -:  161:
    #####:  162:    for(int i = 0; i < d->popsize; i++) {
    %%%%%:  162-block  0
    %%%%%:  162-block  1
    %%%%%:  162-block  2
branch  0 never executed
branch  1 never executed
    #####:  163:        if(rand_01() < d->pm) {
    %%%%%:  163-block  0
call    0 never executed
branch  1 never executed
branch  2 never executed
    #####:  164:            ponto1 = random_l_h(0, d->v - 1);
    %%%%%:  164-block  0
call    0 never executed
    #####:  165:            ponto2 = random_l_h(0, d->v - 1);
call    0 never executed
        -:  166:
    #####:  167:            if (ponto2 < ponto1) {
branch  0 never executed
branch  1 never executed
    #####:  168:                int temp = ponto1;
    #####:  169:                ponto1 = ponto2;
    #####:  170:                ponto2 = temp;
    %%%%%:  170-block  0
        -:  171:            }
        -:  172:
    #####:  173:            while (ponto1 < ponto2) {
    %%%%%:  173-block  0
    %%%%%:  173-block  1
branch  0 never executed
branch  1 never executed
        -:  174:                // Realiza a inversão dos genes entre os pontos 1 e 2
    #####:  175:                int temp = filhos[i].p[ponto1];
    #####:  176:                filhos[i].p[ponto1] = filhos[i].p[ponto2];
    #####:  177:                filhos[i].p[ponto2] = temp;
        -:  178:
    #####:  179:                ponto1++;
    #####:  180:                ponto2--;
    %%%%%:  180-block  0
        -:  181:            }
        -:  182:        }
        -:  183:    }
        -:  184:
    #####:  185:}
        -:  186:
        -:  187:// Trepa colinas first-choice
        -:  188:// Parametros: solucao, matriz de adjacencias, numero de vertices e numero de iteracoes
        -:  189:// Devolve o custo da melhor solucao encontrada
function trepa_colinas called 0 returned 0% blocks executed 0%
    #####:  190:int trepa_colinas(int sol[], int *mat, int vert, int num_iter)
        -:  191:{
        -:  192:    int *nova_sol, custo, custo_viz, i;
        -:  193:
    #####:  194:    nova_sol = malloc(sizeof(int)*vert);
    #####:  195:    if(nova_sol == NULL)
    %%%%%:  195-block  0
branch  0 never executed
branch  1 never executed
        -:  196:    {
    #####:  197:        printf("Erro na alocacao de memoria");
    %%%%%:  197-block  0
call    0 never executed
    #####:  198:        exit(1);
call    0 never executed
        -:  199:    }
        -:  200:    // Avalia solucao inicial
    #####:  201:    custo = calcula_fit(sol, mat, vert);
    %%%%%:  201-block  0
call    0 never executed
    #####:  202:    for(i=0; i<num_iter; i++)
    %%%%%:  202-block  0
    %%%%%:  202-block  1
branch  0 never executed
branch  1 never executed
        -:  203:    {
        -:  204:        // Gera vizinho
    #####:  205:        gera_vizinho(sol, nova_sol, vert);
    %%%%%:  205-block  0
call    0 never executed
        -:  206:        // Avalia vizinho
    #####:  207:        custo_viz = calcula_fit(nova_sol, mat, vert);
call    0 never executed
        -:  208:        // Aceita vizinho se o custo diminuir (problema de minimizacao)
    #####:  209:        if(custo_viz < custo)
branch  0 never executed
branch  1 never executed
        -:  210:        {
    #####:  211:            substitui(sol, nova_sol, vert);
    %%%%%:  211-block  0
call    0 never executed
    #####:  212:            custo = custo_viz;
        -:  213:        }
        -:  214:    }
    #####:  215:    free(nova_sol);
    #####:  216:    return custo;
    %%%%%:  216-block  0
        -:  217:}
